428500 8.9 9.5 12 12 17 34 A+ 
451272 7.6 3.6 9.25 10.05 10.2 16 E 
470133 9.2 9.5 10 11.5 8.5 26 B+ 
512101 8 8.3 7 8 13.6 26 B 
544217 7.8 9.5 4 3.22 8.5 16 E 
555104 8.1 9.5 10.5 11.65 15.3 32 A 
743627 9.4 10 7.95 9.75 8.5 26 B 
779580 7.7 6.4 6.72 11.25 8.5 32 B 
862454 8.6 0 7.03 0 11.9 0 ? 
937222 6.5 0 2.5 3.45 15.3 30 D+ 
996186 7.7 4.3 10.05 6.92 8.5 24 C 
1001677 7.7 8.9 5.6 9.85 11.9 26 B 
1020861 9.8 3.6 9.95 7.7 10.2 18 E 
1091302 7.6 9.4 10.25 5.6 6.8 28 C+ 
1251870 8.7 7 11.25 10.25 10.2 22 B 
1256241 7.8 10 8.8 10.75 17 36 A+ 
1280642 9 10 11.37 10.5 13.6 34 A 
1285380 8.7 10 8.85 7.45 10.2 24 B 
1289590 8.5 7.1 10.5 8.35 8.5 24 C+ 
1296396 9.2 7.9 7.55 9.45 13.6 16 E 
1330287 6.3 9 10.35 10.25 17 22 B+ 
1379680 7 9.5 9.7 8.75 8.5 32 B+ 
1383648 9.7 9.6 10.7 11.5 20.4 32 A+ 
1389875 8.5 8.6 11.2 8.6 5.1 16 F 
1439713 7.4 7.1 6 1.95 3.4 4 F 
1484735 7.8 0 6.45 7.93 13.6 28 C 
1500557 4.65 5 0 4.25 15.3 32 C 
1501093 8.7 5.8 7 10.55 17 32 A- 
1512125 8.6 8.1 11.55 10.55 13.6 22 B+ 
1512679 9.4 10 9.2 11 6.8 26 B 
1519093 8.4 8 7.15 8.75 11.9 8 F 
1540121 8.8 10.2 11.2 11.5 11.9 30 A- 
1540602 8.4 2.5 7.2 4.49 15.3 28 C+ 
1546125 8.6 9.5 10.85 11.5 17 38 A+ 
1546884 8.8 9.5 10.1 8.14 17 34 A 
1550066 8.9 7.5 11.75 9.15 13.6 28 B+ 
1587688 8.3 9 10.15 9.85 8.5 22 C+ 
1596856 5.8 0.9 7.65 2.85 11.9 30 C 
1609174 7.4 9.65 10.2 9.35 13.6 20 B 
1623675 8.8 10.1 5.75 7.05 10.2 30 B 
1672470 9.2 10 11.6 11.25 15.3 24 A- 
1697676 3 6.5 10.8 5.7 10.2 20 D+ 
1702697 8 6.9 6.97 10 18.7 34 A 
1710232 8.7 8.9 6.95 9.65 15.3 30 A- 
1716897 6.05 0.6 0 0 8.5 14 F 
1717958 5.5 8 9.8 11 17 30 A- 
1723282 9.5 10.5 11.9 10 10.2 32 A 
1724192 7.9 7.45 9.95 9.9 11.9 30 B+ 
1726430 9.6 9.6 11.8 11 18.7 34 A+ 
1731175 8.7 5.4 8.8 11.5 17 32 A- 
1731647 0 0 0 1.04 10.2 28 F 
1731736 8.9 10 11.7 10.25 11.9 32 A 
1734975 7.75 5.5 7.1 11.5 13.6 26 B 
1738953 9.5 4.65 10.45 10.15 15.3 28 B+ 
1739113 8.8 5 11 9.85 11.9 30 B+ 
1743215 4.65 5.9 5.35 0 17 30 C 
1743359 8.3 9.8 11.1 7.14 11.9 16 E 
1747970 8.5 0 7 0 17 34 C+ 
1761855 5.5 9.1 0 0 18.7 26 C 
1768590 8 9.9 11.5 11.25 8.5 32 A- 
1773600 6.6 10 7.35 10.2 10.2 22 C+ 
1776420 9.5 7.5 7.95 10.4 11.9 28 B+ 
1777330 7.8 7.6 5.65 9.25 10.2 22 C 
1777376 9.6 9.6 10.45 11.5 13.6 34 A 
1785330 9.2 10 11.15 10.25 13.6 28 A- 
1794026 8 4.6 8.75 9.35 11.9 20 C 
1799478 8.7 8.3 10.9 10.25 10.2 30 B+ 
1805862 8.55 9.5 10.42 10.05 13.6 30 A- 
1810847 5.1 5.9 5.9 2.54 13.6 28 C 
1811150 7.7 9 9.35 10 13.6 28 B+ 
1827848 6.7 8.3 11.35 10.09 15.3 28 A- 
1829070 8.2 10 7.15 7.9 11.9 22 C+ 
1834849 9.6 9.1 11.5 10.3 18.7 30 A+ 
1834965 8.9 10 10.75 10.15 15.3 28 A- 
1844990 8.7 9.2 10.8 12 13.6 26 A- 
1848273 9.1 5.3 7.3 3.5 10.2 22 D+ 
1849691 5.6 9.5 11.7 11 18.7 34 A+ 
1852052 9 10 10.9 8.95 17 32 A 
1867484 8 10 11 7.8 11.9 30 B+ 
1871111 5.4 5.3 7.6 4.62 3.4 20 F 
1877623 8.2 9.1 6.2 8.4 18.7 28 B+ 
1879088 8.9 7.7 9.6 8.44 10.2 36 A- 
1881734 8.2 9 10.6 8 10.2 36 A- 
1888764 8.5 9.4 10.05 9.65 17 38 A+ 
1896657 5.8 8 9.62 5.54 11.9 32 B 
1907299 8.4 9.1 10 9.25 18.7 34 A+ 
1940341 8.1 10.2 6.7 12 15.3 30 A- 
2086539 9.1 5 11.75 8.25 13.6 32 A- 
2094361 8.1 9.3 9.6 9.75 20.4 32 A+ 
2112181 8.1 9.1 10.9 12 13.6 34 A 
2136236 8.4 9.6 11.42 11.3 13.6 26 A- 

******************************************

1/95.45:	1546125	A+
2/94.7:	1726430	A+
3/93.9:	1383648	A+
4/93.4:	 428500	A+
5/92.6:	1888764	A+
6/90.5:	1849691	A+
7/90.35:	1256241	A+
8/89.45:	1907299	A+
9/89.2:	1834849	A+
10/89.15:	2094361	A+	/10

11/88.75:	1777376	A
12/88.47:	1280642	A
13/87.85:	1852052	A
14/87.7:	2112181	A
15/87.54:	1546884	A
16/87.05:	 555104	A
17/84.75:	1731736	A
18/84.57:	1702697	A
19/84.1:	1723282	A	/9

20/83.6:	1540121	A-
21/83.4:	1731175	A-
22/83.1:	1834965	A-
23/82.3:	1940341	A-
24/82.2:	1785330	A-
25/82.12:	1805862	A-
26/82:	1881734	A-
27/81.35:	1672470	A-
28/81.3:	1717958	A-
29/81.15:	1768590	A-
30/81.05:	1501093	A-
31/80.84:	1879088	A-
32/80.32:	2136236	A-
33/80.3:	1844990	A-
34/79.74:	1827848	A-
35/79.7:	2086539	A-
36/79.5:	1710232	A-	/17

37/78.9:	1550066	B+
38/78.7:	1867484	B+
39/78.6:	1877623	B+
40/78.35:	1799478	B+
41/78.05:	1738953	B+
42/77.65:	1811150	B+
43/77.1:	1724192	B+
44/76.55:	1739113	B+
45/75.45:	1379680	B+
46/75.25:	1776420<<	B+	Median
47/74.9:	1330287	B+
48/74.7:	 470133	B+
49/74.4:	1512125	B+	/13

50/72.86:	1896657	B
51/72.57:	 779580	B
52/72.4:	1512679	B
53/71.9:	1623675	B
54/71.6:	 743627	B
55/71.45:	1734975	B
56/70.9:	 512101	B
57/70.2:	1609174	B
58/69.95:	1001677	B
59/69.4:	1251870	B
60/69.2:	1285380	B	/11

61/67.8:	1587688	C+
62/67.65:	1091302	C+
63/67.15:	1829070	C+
64/66.95:	1289590	C+
65/66.5:	1747970	C+
66/66.35:	1773600	C+
67/65.89:	1540602	C+	/7

68/64.24:	1743359**	D+	Fail exam portion
69/63.78:	1484735	C
70/63.7:	1296396**	D+
71/62.9:	1743215	C
72/62.6:	1794026	C
73/62.5:	1777330	C
74/61.47:	 996186	C
75/61.2:	1500557	C
76/61.04:	1810847	C
77/59.3:	1761855	C
78/59.25:	1020861**	E
79/59.1:	1596856	C	/9

80/58:	1389875**	F
81/57.75:	 937222	D+
82/57.4:	1848273	D+
83/56.7:	 451272**	E
84/56.2:	1697676	D+
85/52.2:	1519093**	F	/3

86/49.02:	 544217	E
87/46.32:	1871111	F
88/39.24:	1731647	F
89/29.85:	1439713	F
90/29.15:	1716897	F
91/27.53:	 862454	?	/12

 Average:	72.1
