F:\csi3125\hw4\q2+>sidefx
Mark Sattolo 428500, CSI3125, DGD-2, Homework#4

Enter the input parameter:
2
Ouput value is: 510
Input value now is: 10

Enter the input parameter:
3
Ouput value is: 2064
Input value now is: 16

Enter the input parameter:
4
Ouput value is: 5346
Input value now is: 22

Enter the input parameter:
5
Ouput value is: 11004
Input value now is: 28

Enter the input parameter:
6
Ouput value is: 19686
Input value now is: 34

Enter the input parameter:
7
Ouput value is: 32040
Input value now is: 40

Enter the input parameter:
8
Ouput value is: 48714
Input value now is: 46

